<?xml version="1.0" encoding="UTF-8"?>
<!-- Generated by org.testng.reporters.JUnitXMLReporter -->
<testsuite hostname="DESKTOP-J5OJ5NA" ignored="0" name="Command line test" tests="4" failures="0" timestamp="06 Nov 2022 08:03:50 GMT" time="2.506" errors="0">
  <testcase name="@BeforeMethod seup" time="2.381" classname="com.actitime.qa.testcases.HomePageTest">
    <failure type="java.lang.IllegalStateException" message="The driver executable does not exist: \\Users\methuliakithma\Documents\Trainings\UCSC\chromedriver">
      <![CDATA[java.lang.IllegalStateException: The driver executable does not exist: \\Users\methuliakithma\Documents\Trainings\UCSC\chromedriver
at com.google.common.base.Preconditions.checkState(Preconditions.java:585)
at org.openqa.selenium.remote.service.DriverService.checkExecutable(DriverService.java:146)
at org.openqa.selenium.remote.service.DriverService.findExecutable(DriverService.java:141)
at org.openqa.selenium.chrome.ChromeDriverService.access$000(ChromeDriverService.java:35)
at org.openqa.selenium.chrome.ChromeDriverService$Builder.findDefaultExecutable(ChromeDriverService.java:159)
at org.openqa.selenium.remote.service.DriverService$Builder.build(DriverService.java:355)
at org.openqa.selenium.chrome.ChromeDriverService.createDefaultService(ChromeDriverService.java:94)
at org.openqa.selenium.chrome.ChromeDriver.<init>(ChromeDriver.java:123)
at com.actitime.qa.base.TestBase.initialization(TestBase.java:45)
at com.actitime.qa.testcases.HomePageTest.seup(HomePageTest.java:24)
... Removed 38 stack frames]]>
    </failure>
  </testcase> <!-- @BeforeMethod seup -->
  <testcase name="@AfterMethod tearDown" time="0.0" classname="com.actitime.qa.testcases.HomePageTest">
    <skipped/>
  </testcase> <!-- @AfterMethod tearDown -->
  <testcase name="@BeforeMethod seup" time="0.009" classname="com.actitime.qa.testcases.LogonPageTest">
    <failure type="java.lang.IllegalStateException" message="The driver executable does not exist: \\Users\methuliakithma\Documents\Trainings\UCSC\chromedriver">
      <![CDATA[java.lang.IllegalStateException: The driver executable does not exist: \\Users\methuliakithma\Documents\Trainings\UCSC\chromedriver
at com.google.common.base.Preconditions.checkState(Preconditions.java:585)
at org.openqa.selenium.remote.service.DriverService.checkExecutable(DriverService.java:146)
at org.openqa.selenium.remote.service.DriverService.findExecutable(DriverService.java:141)
at org.openqa.selenium.chrome.ChromeDriverService.access$000(ChromeDriverService.java:35)
at org.openqa.selenium.chrome.ChromeDriverService$Builder.findDefaultExecutable(ChromeDriverService.java:159)
at org.openqa.selenium.remote.service.DriverService$Builder.build(DriverService.java:355)
at org.openqa.selenium.chrome.ChromeDriverService.createDefaultService(ChromeDriverService.java:94)
at org.openqa.selenium.chrome.ChromeDriver.<init>(ChromeDriver.java:123)
at com.actitime.qa.base.TestBase.initialization(TestBase.java:45)
at com.actitime.qa.testcases.LogonPageTest.seup(LogonPageTest.java:30)
... Removed 38 stack frames]]>
    </failure>
  </testcase> <!-- @BeforeMethod seup -->
  <testcase name="@AfterMethod tearDown" time="0.0" classname="com.actitime.qa.testcases.LogonPageTest">
    <skipped/>
  </testcase> <!-- @AfterMethod tearDown -->
  <testcase name="@BeforeMethod seup" time="0.0" classname="com.actitime.qa.testcases.HomePageTest">
    <skipped/>
  </testcase> <!-- @BeforeMethod seup -->
  <testcase name="@AfterMethod tearDown" time="0.0" classname="com.actitime.qa.testcases.HomePageTest">
    <skipped/>
  </testcase> <!-- @AfterMethod tearDown -->
  <testcase name="homePageLogoTest" time="0.0" classname="com.actitime.qa.testcases.HomePageTest">
    <skipped/>
  </testcase> <!-- homePageLogoTest -->
  <testcase name="loginPageLogoTest" time="0.0" classname="com.actitime.qa.testcases.LogonPageTest">
    <skipped/>
  </testcase> <!-- loginPageLogoTest -->
  <testcase name="homePageTaskLinkTest" time="0.0" classname="com.actitime.qa.testcases.HomePageTest">
    <skipped/>
  </testcase> <!-- homePageTaskLinkTest -->
  <testcase name="LoginTest" time="0.0" classname="com.actitime.qa.testcases.LogonPageTest">
    <skipped/>
  </testcase> <!-- LoginTest -->
</testsuite> <!-- Command line test -->
